     1 00000000                                 [FORMAT "WCOFF"]		;オブジェクトファイルを作成するモード
     2 00000000                                 [INSTRSET "i486p"]		;486の命令まで使いたいという記述
     3 00000000                                 [BITS 32]				;32ビットモード用の機械語を作らせる
     4 00000000                                 [FILE "a_nask.nas"]		;ソールファイル名
     5 00000000                                 
     6 00000000                                 	GLOBAL	_api_putchar
     7 00000000                                 	GLOBAL	_api_putstr0
     8 00000000                                 	GLOBAL	_api_end
     9 00000000                                 	GLOBAL	_api_openwin, _api_closewin
    10 00000000                                 	GLOBAL _api_putstrwin, _api_boxfilwin
    11 00000000                                 	GLOBAL _api_initmalloc, _api_malloc, _api_free
    12 00000000                                 	GLOBAL _api_point, _api_refreshwin
    13 00000000                                 	GLOBAL _api_linewin
    14 00000000                                 	GLOBAL _api_getkey
    15 00000000                                 	GLOBAL _api_alloctimer, _api_inittimer, _api_settimer, _api_freetimer
    16 00000000                                 	GLOBAL _api_beep
    17 00000000                                 	
    18                                          [SECTION .text]
    19 00000000                                 _api_putstr0:	; void api_putstr(char *s)
    20 00000000 53                              	PUSH	EBX
    21 00000001 BA 00000002                     	MOV		EDX, 2
    22 00000006 8B 5C 24 08                     	MOV		EBX, [ESP + 8]	;s
    23 0000000A CD 40                           	INT		0x40
    24 0000000C 5B                              	POP		EBX
    25 0000000D C3                              	RET
    26 0000000E                                 
    27 0000000E                                 _api_putchar:
    28 0000000E BA 00000001                     	MOV		EDX, 1
    29 00000013 8A 44 24 04                     	MOV		AL, [ESP+4]
    30 00000017 CD 40                           	INT		0x40
    31 00000019 C3                              	RET
    32 0000001A                                 	
    33 0000001A                                 _api_end:
    34 0000001A BA 00000004                     	MOV		EDX, 4
    35 0000001F CD 40                           	INT		0x40
    36 00000021                                 	
    37 00000021                                 _api_openwin: ; int api_openwin(char* buf, int xsize, int ysize, int col_inv, char *title)
    38 00000021 57                              	PUSH	EDI
    39 00000022 56                              	PUSH	ESI
    40 00000023 53                              	PUSH	EBX
    41 00000024 BA 00000005                     	MOV		EDX, 5
    42 00000029 8B 5C 24 10                     	MOV		EBX, [ESP+16] ; buf
    43 0000002D 8B 74 24 14                     	MOV		ESI, [ESP+20] ; xsize
    44 00000031 8B 7C 24 18                     	MOV		EDI, [ESP+24] ; ysize
    45 00000035 8B 44 24 1C                     	MOV		EAX, [ESP+28] ; col_inv
    46 00000039 8B 4C 24 20                     	MOV		ECX, [ESP+32] ; title
    47 0000003D CD 40                           	INT		0x40
    48 0000003F 5B                              	POP		EBX
    49 00000040 5E                              	POP		ESI
    50 00000041 5F                              	POP		EDI
    51 00000042 C3                              	RET
    52 00000043                                 
    53 00000043                                 _api_putstrwin: ; void api_putstrwin(int win, int x, int y, int col, int len, char *str)
    54 00000043 57                              	PUSH	EDI
    55 00000044 56                              	PUSH	ESI
    56 00000045 55                              	PUSH	EBP
    57 00000046 53                              	PUSH	EBX
    58 00000047 BA 00000006                     	MOV		EDX, 6
    59 0000004C 8B 5C 24 14                     	MOV		EBX, [ESP + 20] ;win
    60 00000050 8B 74 24 18                     	MOV		ESI, [ESP + 24] ;x
    61 00000054 8B 7C 24 1C                     	MOV		EDI, [ESP + 28] ;y
    62 00000058 8B 44 24 20                     	MOV		EAX, [ESP + 32] ;col
    63 0000005C 8B 4C 24 24                     	MOV		ECX, [ESP + 36] ;len
    64 00000060 8B 6C 24 28                     	MOV		EBP, [ESP + 40] ;str
    65 00000064 CD 40                           	INT		0x40
    66 00000066 5B                              	POP		EBX
    67 00000067 5D                              	POP		EBP
    68 00000068 5E                              	POP		ESI
    69 00000069 5F                              	POP		EDI
    70 0000006A C3                              	RET
    71 0000006B                                 	
    72 0000006B                                 _api_boxfilwin: ; void api_boxfilwin(int win, int x0, int y0, int x1, int y1, int col)
    73 0000006B 57                              	PUSH	EDI
    74 0000006C 56                              	PUSH	ESI
    75 0000006D 55                              	PUSH	EBP
    76 0000006E 53                              	PUSH	EBX
    77 0000006F BA 00000007                     	MOV		EDX, 7
    78 00000074 8B 5C 24 14                     	MOV		EBX, [ESP + 20] ;win
    79 00000078 8B 74 24 18                     	MOV		ESI, [ESP + 24] ;x0
    80 0000007C 8B 7C 24 1C                     	MOV		EDI, [ESP + 28] ;y0
    81 00000080 8B 44 24 20                     	MOV		EAX, [ESP + 32] ;x1
    82 00000084 8B 4C 24 24                     	MOV		ECX, [ESP + 36] ;y1
    83 00000088 8B 6C 24 28                     	MOV		EBP, [ESP + 40] ;col
    84 0000008C CD 40                           	INT		0x40
    85 0000008E 5B                              	POP		EBX
    86 0000008F 5D                              	POP		EBP
    87 00000090 5E                              	POP		ESI
    88 00000091 5F                              	POP		EDI
    89 00000092 C3                              	RET
    90 00000093                                 	
    91 00000093                                 _api_initmalloc: ; void api_initmalloc(void)
    92 00000093 53                              	PUSH	EBX
    93 00000094 BA 00000008                     	MOV		EDX, 8
    94 00000099 2E 8B 1D 00000020               	MOV		EBX, [CS:0x0020]	; malloc領域の番地
    95 000000A0 89 D8                           	MOV		EAX, EBX
    96 000000A2 05 00008000                     	ADD		EAX, 32*1024 ;32kb足す
    97 000000A7 2E 8B 0D 00000000               	MOV		ECX, [CS:0x0000]
    98 000000AE 29 C1                           	SUB		ECX, EAX
    99 000000B0 CD 40                           	INT		0x40
   100 000000B2 5B                              	POP		EBX
   101 000000B3 C3                              	RET
   102 000000B4                                 
   103 000000B4                                 _api_malloc: ; char* api_malloc(int size)
   104 000000B4 53                              	PUSH	EBX
   105 000000B5 BA 00000009                     	MOV		EDX, 9
   106 000000BA 2E 8B 1D 00000020               	MOV		EBX, [CS:0x0020]	; malloc領域の番地
   107 000000C1 8B 4C 24 08                     	MOV		ECX, [ESP+8]		; size
   108 000000C5 CD 40                           	INT		0x40
   109 000000C7 5B                              	POP		EBX
   110 000000C8 C3                              	RET
   111 000000C9                                 
   112 000000C9                                 _api_free: ; void api_free(char *addr, int size)
   113 000000C9 53                              	PUSH	EBX
   114 000000CA BA 0000000A                     	MOV		EDX, 10
   115 000000CF 2E 8B 1D 00000020               	MOV		EBX, [CS:0x0020]	; malloc領域の番地
   116 000000D6 8B 44 24 08                     	MOV		EAX, [ESP + 8]
   117 000000DA 8B 4C 24 0C                     	MOV		ECX, [ESP + 12]
   118 000000DE CD 40                           	INT		0x40
   119 000000E0 5B                              	POP		EBX
   120 000000E1 C3                              	RET
   121 000000E2                                 
   122 000000E2                                 _api_point: ; void api_putpoint(int win, int x, int y, int col);
   123 000000E2 57                              	PUSH	EDI
   124 000000E3 56                              	PUSH	ESI
   125 000000E4 53                              	PUSH	EBX
   126 000000E5 BA 0000000B                     	MOV		EDX, 11
   127 000000EA 8B 5C 24 10                     	MOV		EBX, [ESP + 16] ; win
   128 000000EE 8B 74 24 14                     	MOV		ESI, [ESP + 20] ; x
   129 000000F2 8B 7C 24 18                     	MOV		EDI, [ESP + 24] ; y
   130 000000F6 8B 44 24 1C                     	MOV		EAX, [ESP + 28] ; col
   131 000000FA CD 40                           	INT		0x40
   132 000000FC 5B                              	POP		EBX
   133 000000FD 5E                              	POP		ESI
   134 000000FE 5F                              	POP		EDI
   135 000000FF C3                              	RET
   136 00000100                                 	
   137 00000100                                 _api_refreshwin: ; void api_refreshwin(int win, int x0, int y0, int x1, int y1);
   138 00000100 57                              	PUSH	EDI
   139 00000101 56                              	PUSH	ESI
   140 00000102 53                              	PUSH	EBX
   141 00000103 BA 0000000C                     	MOV		EDX, 12
   142 00000108 8B 5C 24 10                     	MOV		EBX, [ESP + 16] ; win
   143 0000010C 8B 44 24 14                     	MOV		EAX, [ESP + 20] ; x0
   144 00000110 8B 4C 24 18                     	MOV		ECX, [ESP + 24] ; y0
   145 00000114 8B 74 24 1C                     	MOV		ESI, [ESP + 28] ; x1
   146 00000118 8B 7C 24 20                     	MOV		EDI, [ESP + 32] ; y1
   147 0000011C CD 40                           	INT		0x40
   148 0000011E 5B                              	POP		EBX
   149 0000011F 5E                              	POP		ESI
   150 00000120 5F                              	POP		EDI
   151 00000121 C3                              	RET
   152 00000122                                 	
   153 00000122                                 _api_linewin: ; void api_linewin(int win, int x0, int y0, int x1, int y1, int col);
   154 00000122 57                              	PUSH	EDI
   155 00000123 56                              	PUSH	ESI
   156 00000124 55                              	PUSH	EBP
   157 00000125 53                              	PUSH	EBX
   158 00000126 BA 0000000D                     	MOV		EDX, 13
   159 0000012B 8B 5C 24 14                     	MOV		EBX, [ESP+20]
   160 0000012F 8B 44 24 18                     	MOV		EAX, [ESP+24]
   161 00000133 8B 4C 24 1C                     	MOV		ECX, [ESP+28]
   162 00000137 8B 74 24 20                     	MOV		ESI, [ESP+32]
   163 0000013B 8B 7C 24 24                     	MOV		EDI, [ESP+36]
   164 0000013F 8B 6C 24 28                     	MOV		EBP, [ESP+40]
   165 00000143 CD 40                           	INT		0x40
   166 00000145 5B                              	POP		EBX
   167 00000146 5D                              	POP		EBP
   168 00000147 5E                              	POP		ESI
   169 00000148 5F                              	POP		EDI
   170 00000149 C3                              	RET
   171 0000014A                                 
   172 0000014A                                 _api_closewin: ; void api_closewin(int win);
   173 0000014A 53                              	PUSH	EBX
   174 0000014B BA 0000000E                     	MOV		EDX, 14
   175 00000150 8B 5C 24 08                     	MOV		EBX, [ESP+8]
   176 00000154 CD 40                           	INT		0x40
   177 00000156 5B                              	POP		EBX
   178 00000157 C3                              	RET
   179 00000158                                 	
   180 00000158                                 _api_getkey: ; int api_getkey(int mode);
   181 00000158 BA 0000000F                     	MOV		EDX, 15
   182 0000015D 8B 44 24 04                     	MOV		EAX, [ESP+4];
   183 00000161 CD 40                           	INT 	0x40
   184 00000163 C3                              	RET
   185 00000164                                 	
   186 00000164                                 _api_alloctimer:	; int api_alloctimer(void);
   187 00000164 BA 00000010                     	MOV		EDX,16
   188 00000169 CD 40                           	INT		0x40
   189 0000016B C3                              	RET
   190 0000016C                                 
   191 0000016C                                 _api_inittimer:		; void api_inittimer(int timer, int data);
   192 0000016C 53                              	PUSH	EBX
   193 0000016D BA 00000011                     	MOV		EDX,17
   194 00000172 8B 5C 24 08                     	MOV		EBX,[ESP+ 8]		; timer
   195 00000176 8B 44 24 0C                     	MOV		EAX,[ESP+12]		; data
   196 0000017A CD 40                           	INT		0x40
   197 0000017C 5B                              	POP		EBX
   198 0000017D C3                              	RET
   199 0000017E                                 
   200 0000017E                                 _api_settimer:		; void api_settimer(int timer, int time);
   201 0000017E 53                              	PUSH	EBX
   202 0000017F BA 00000012                     	MOV		EDX,18
   203 00000184 8B 5C 24 08                     	MOV		EBX,[ESP+ 8]		; timer
   204 00000188 8B 44 24 0C                     	MOV		EAX,[ESP+12]		; time
   205 0000018C CD 40                           	INT		0x40
   206 0000018E 5B                              	POP		EBX
   207 0000018F C3                              	RET
   208 00000190                                 
   209 00000190                                 _api_freetimer:		; void api_freetimer(int timer);
   210 00000190 53                              	PUSH	EBX
   211 00000191 BA 00000013                     	MOV		EDX,19
   212 00000196 8B 5C 24 08                     	MOV		EBX,[ESP+ 8]		; timer
   213 0000019A CD 40                           	INT		0x40
   214 0000019C 5B                              	POP		EBX
   215 0000019D C3                              	RET
   216 0000019E                                 		
   217 0000019E                                 _api_beep:			; void api_beep(int tone);
   218 0000019E BA 00000014                     	MOV		EDX, 20
   219 000001A3 8B 44 24 04                     	MOV		EAX, [ESP+4]
   220 000001A7 CD 40                           	INT 	0x40
   221 000001A9 C3                              	RET