     1 00000000                                 [FORMAT "WCOFF"]
     2 00000000                                 [INSTRSET "i486p"]
     3 00000000                                 [OPTIMIZE 1]
     4 00000000                                 [OPTION 1]
     5 00000000                                 [BITS 32]
     6 00000000                                 	EXTERN	_api_initmalloc
     7 00000000                                 	EXTERN	_api_malloc
     8 00000000                                 	EXTERN	_api_openwin
     9 00000000                                 	EXTERN	_api_refreshwin
    10 00000000                                 	EXTERN	_api_getkey
    11 00000000                                 	EXTERN	_api_end
    12 00000000                                 [FILE "color2.c"]
    13                                          [SECTION .data]
    14 00000000                                 LC0:
    15 00000000 63 6F 6C 6F 72 32 00            	DB	"color2",0x00
    16                                          [SECTION .text]
    17 00000000                                 	GLOBAL	_HariMain
    18 00000000                                 _HariMain:
    19 00000000 55                              	PUSH	EBP
    20 00000001 89 E5                           	MOV	EBP,ESP
    21 00000003 57                              	PUSH	EDI
    22 00000004 56                              	PUSH	ESI
    23 00000005 31 FF                           	XOR	EDI,EDI
    24 00000007 53                              	PUSH	EBX
    25 00000008 83 EC 0C                        	SUB	ESP,12
    26 0000000B E8 [00000000]                   	CALL	_api_initmalloc
    27 00000010 68 00005C40                     	PUSH	23616
    28 00000015 E8 [00000000]                   	CALL	_api_malloc
    29 0000001A 89 45 F0                        	MOV	DWORD [-16+EBP],EAX
    30 0000001D 68 [00000000]                   	PUSH	LC0
    31 00000022 6A FF                           	PUSH	-1
    32 00000024 68 000000A4                     	PUSH	164
    33 00000029 68 00000090                     	PUSH	144
    34 0000002E 50                              	PUSH	EAX
    35 0000002F E8 [00000000]                   	CALL	_api_openwin
    36 00000034 83 C4 18                        	ADD	ESP,24
    37 00000037 C7 45 E8 00000000               	MOV	DWORD [-24+EBP],0
    38 0000003E 89 45 EC                        	MOV	DWORD [-20+EBP],EAX
    39 00000041                                 L11:
    40 00000041 8B 45 E8                        	MOV	EAX,DWORD [-24+EBP]
    41 00000044 8B 55 F0                        	MOV	EDX,DWORD [-16+EBP]
    42 00000047 31 F6                           	XOR	ESI,ESI
    43 00000049 8D 9C 02 00000FC8               	LEA	EBX,DWORD [4040+EDX+EAX*1]
    44 00000050                                 L10:
    45 00000050 57                              	PUSH	EDI
    46 00000051 8D 04 3F                        	LEA	EAX,DWORD [EDI+EDI*1]
    47 00000054 56                              	PUSH	ESI
    48 00000055 6A 00                           	PUSH	0
    49 00000057 50                              	PUSH	EAX
    50 00000058 8D 04 36                        	LEA	EAX,DWORD [ESI+ESI*1]
    51 0000005B 50                              	PUSH	EAX
    52 0000005C 46                              	INC	ESI
    53 0000005D E8 00000044                     	CALL	_rbg2pal
    54 00000062 83 C4 14                        	ADD	ESP,20
    55 00000065 88 03                           	MOV	BYTE [EBX],AL
    56 00000067 43                              	INC	EBX
    57 00000068 83 FE 7F                        	CMP	ESI,127
    58 0000006B 7E E3                           	JLE	L10
    59 0000006D 47                              	INC	EDI
    60 0000006E 81 45 E8 00000090               	ADD	DWORD [-24+EBP],144
    61 00000075 83 FF 7F                        	CMP	EDI,127
    62 00000078 7E C7                           	JLE	L11
    63 0000007A 68 0000009C                     	PUSH	156
    64 0000007F 68 00000088                     	PUSH	136
    65 00000084 6A 1C                           	PUSH	28
    66 00000086 6A 08                           	PUSH	8
    67 00000088 FF 75 EC                        	PUSH	DWORD [-20+EBP]
    68 0000008B E8 [00000000]                   	CALL	_api_refreshwin
    69 00000090 6A 01                           	PUSH	1
    70 00000092 E8 [00000000]                   	CALL	_api_getkey
    71 00000097 83 C4 18                        	ADD	ESP,24
    72 0000009A 8D 65 F4                        	LEA	ESP,DWORD [-12+EBP]
    73 0000009D 5B                              	POP	EBX
    74 0000009E 5E                              	POP	ESI
    75 0000009F 5F                              	POP	EDI
    76 000000A0 5D                              	POP	EBP
    77 000000A1 E9 [00000000]                   	JMP	_api_end
    78 000000A6                                 	GLOBAL	_rbg2pal
    79 000000A6                                 _rbg2pal:
    80 000000A6 55                              	PUSH	EBP
    81 000000A7 89 E5                           	MOV	EBP,ESP
    82 000000A9 57                              	PUSH	EDI
    83 000000AA 56                              	PUSH	ESI
    84 000000AB BF 00000100                     	MOV	EDI,256
    85 000000B0 53                              	PUSH	EBX
    86 000000B1 BE 00000100                     	MOV	ESI,256
    87 000000B6 83 EC 24                        	SUB	ESP,36
    88 000000B9 6B 4D 08 15                     	IMUL	ECX,DWORD [8+EBP],21
    89 000000BD 8B 55 14                        	MOV	EDX,DWORD [20+EBP]
    90 000000C0 8B 45 18                        	MOV	EAX,DWORD [24+EBP]
    91 000000C3 83 E2 01                        	AND	EDX,1
    92 000000C6 83 E0 01                        	AND	EAX,1
    93 000000C9 C7 45 E4 00000003               	MOV	DWORD [-28+EBP],3
    94 000000D0 8D 04 42                        	LEA	EAX,DWORD [EDX+EAX*2]
    95 000000D3 C7 45 E8 00000001               	MOV	DWORD [-24+EBP],1
    96 000000DA C7 45 EC 00000000               	MOV	DWORD [-20+EBP],0
    97 000000E1 C7 45 F0 00000002               	MOV	DWORD [-16+EBP],2
    98 000000E8 8B 5C 85 E4                     	MOV	EBX,DWORD [-28+EBP+EAX*4]
    99 000000EC 89 C8                           	MOV	EAX,ECX
   100 000000EE 99                              	CDQ
   101 000000EF F7 FE                           	IDIV	ESI
   102 000000F1 6B 75 0C 15                     	IMUL	ESI,DWORD [12+EBP],21
   103 000000F5 89 C1                           	MOV	ECX,EAX
   104 000000F7 89 F0                           	MOV	EAX,ESI
   105 000000F9 99                              	CDQ
   106 000000FA F7 FF                           	IDIV	EDI
   107 000000FC 6B 75 10 15                     	IMUL	ESI,DWORD [16+EBP],21
   108 00000100 89 45 D0                        	MOV	DWORD [-48+EBP],EAX
   109 00000103 01 D9                           	ADD	ECX,EBX
   110 00000105 89 F0                           	MOV	EAX,ESI
   111 00000107 99                              	CDQ
   112 00000108 F7 FF                           	IDIV	EDI
   113 0000010A 89 C6                           	MOV	ESI,EAX
   114 0000010C BF 00000004                     	MOV	EDI,4
   115 00000111 89 C8                           	MOV	EAX,ECX
   116 00000113 99                              	CDQ
   117 00000114 F7 FF                           	IDIV	EDI
   118 00000116 89 C1                           	MOV	ECX,EAX
   119 00000118 8B 45 D0                        	MOV	EAX,DWORD [-48+EBP]
   120 0000011B 01 D8                           	ADD	EAX,EBX
   121 0000011D 8D 1C 33                        	LEA	EBX,DWORD [EBX+ESI*1]
   122 00000120 99                              	CDQ
   123 00000121 F7 FF                           	IDIV	EDI
   124 00000123 89 45 D0                        	MOV	DWORD [-48+EBP],EAX
   125 00000126 89 D8                           	MOV	EAX,EBX
   126 00000128 99                              	CDQ
   127 00000129 F7 FF                           	IDIV	EDI
   128 0000012B 89 C3                           	MOV	EBX,EAX
   129 0000012D 6B 45 D0 06                     	IMUL	EAX,DWORD [-48+EBP],6
   130 00000131 6B D3 24                        	IMUL	EDX,EBX,36
   131 00000134 83 C4 24                        	ADD	ESP,36
   132 00000137 8D 04 08                        	LEA	EAX,DWORD [EAX+ECX*1]
   133 0000013A 5B                              	POP	EBX
   134 0000013B 5E                              	POP	ESI
   135 0000013C 8D 44 02 10                     	LEA	EAX,DWORD [16+EDX+EAX*1]
   136 00000140 5F                              	POP	EDI
   137 00000141 0F B6 C0                        	MOVZX	EAX,AL
   138 00000144 5D                              	POP	EBP
   139 00000145 C3                              	RET
