     1 00000000                                 [FORMAT "WCOFF"]
     2 00000000                                 [INSTRSET "i486p"]
     3 00000000                                 [OPTIMIZE 1]
     4 00000000                                 [OPTION 1]
     5 00000000                                 [BITS 32]
     6 00000000                                 	EXTERN	_load_gdtr
     7 00000000                                 	EXTERN	_asm_inthandler20
     8 00000000                                 	EXTERN	_asm_inthandler21
     9 00000000                                 	EXTERN	_asm_inthandler2c
    10 00000000                                 	EXTERN	_asm_inthandler27
    11 00000000                                 	EXTERN	_asm_cons_putchar
    12 00000000                                 	EXTERN	_load_idtr
    13 00000000                                 [FILE "dsctbl.c"]
    14                                          [SECTION .text]
    15 00000000                                 	GLOBAL	_init_gdtidt
    16 00000000                                 _init_gdtidt:
    17 00000000 55                              	PUSH	EBP
    18 00000001 89 E5                           	MOV	EBP,ESP
    19 00000003 56                              	PUSH	ESI
    20 00000004 53                              	PUSH	EBX
    21 00000005 BE 00270000                     	MOV	ESI,2555904
    22 0000000A BB 00001FFF                     	MOV	EBX,8191
    23 0000000F                                 L6:
    24 0000000F 6A 00                           	PUSH	0
    25 00000011 6A 00                           	PUSH	0
    26 00000013 6A 00                           	PUSH	0
    27 00000015 56                              	PUSH	ESI
    28 00000016 83 C6 08                        	ADD	ESI,8
    29 00000019 E8 000000F2                     	CALL	_set_segmdesc
    30 0000001E 83 C4 10                        	ADD	ESP,16
    31 00000021 4B                              	DEC	EBX
    32 00000022 79 EB                           	JNS	L6
    33 00000024 68 00004092                     	PUSH	16530
    34 00000029 BE 0026F800                     	MOV	ESI,2553856
    35 0000002E 6A 00                           	PUSH	0
    36 00000030 BB 000000FF                     	MOV	EBX,255
    37 00000035 68 0FFFFFFF                     	PUSH	268435455
    38 0000003A 68 00270008                     	PUSH	2555912
    39 0000003F E8 000000CC                     	CALL	_set_segmdesc
    40 00000044 68 0000409A                     	PUSH	16538
    41 00000049 68 00280000                     	PUSH	2621440
    42 0000004E 68 00007FFF                     	PUSH	32767
    43 00000053 68 00270010                     	PUSH	2555920
    44 00000058 E8 000000B3                     	CALL	_set_segmdesc
    45 0000005D 83 C4 20                        	ADD	ESP,32
    46 00000060 68 00270000                     	PUSH	2555904
    47 00000065 68 0000FFFF                     	PUSH	65535
    48 0000006A E8 [00000000]                   	CALL	_load_gdtr
    49 0000006F 58                              	POP	EAX
    50 00000070 5A                              	POP	EDX
    51 00000071                                 L11:
    52 00000071 6A 00                           	PUSH	0
    53 00000073 6A 00                           	PUSH	0
    54 00000075 6A 00                           	PUSH	0
    55 00000077 56                              	PUSH	ESI
    56 00000078 83 C6 08                        	ADD	ESI,8
    57 0000007B E8 000000DA                     	CALL	_set_gatedesc
    58 00000080 83 C4 10                        	ADD	ESP,16
    59 00000083 4B                              	DEC	EBX
    60 00000084 79 EB                           	JNS	L11
    61 00000086 68 0000008E                     	PUSH	142
    62 0000008B 6A 10                           	PUSH	16
    63 0000008D 68 [00000000]                   	PUSH	_asm_inthandler20
    64 00000092 68 0026F900                     	PUSH	2554112
    65 00000097 E8 000000BE                     	CALL	_set_gatedesc
    66 0000009C 68 0000008E                     	PUSH	142
    67 000000A1 6A 10                           	PUSH	16
    68 000000A3 68 [00000000]                   	PUSH	_asm_inthandler21
    69 000000A8 68 0026F908                     	PUSH	2554120
    70 000000AD E8 000000A8                     	CALL	_set_gatedesc
    71 000000B2 83 C4 20                        	ADD	ESP,32
    72 000000B5 68 0000008E                     	PUSH	142
    73 000000BA 6A 10                           	PUSH	16
    74 000000BC 68 [00000000]                   	PUSH	_asm_inthandler2c
    75 000000C1 68 0026F960                     	PUSH	2554208
    76 000000C6 E8 0000008F                     	CALL	_set_gatedesc
    77 000000CB 68 0000008E                     	PUSH	142
    78 000000D0 6A 10                           	PUSH	16
    79 000000D2 68 [00000000]                   	PUSH	_asm_inthandler27
    80 000000D7 68 0026F938                     	PUSH	2554168
    81 000000DC E8 00000079                     	CALL	_set_gatedesc
    82 000000E1 83 C4 20                        	ADD	ESP,32
    83 000000E4 68 0000008E                     	PUSH	142
    84 000000E9 6A 10                           	PUSH	16
    85 000000EB 68 [00000000]                   	PUSH	_asm_cons_putchar
    86 000000F0 68 0026FA00                     	PUSH	2554368
    87 000000F5 E8 00000060                     	CALL	_set_gatedesc
    88 000000FA 68 0026F800                     	PUSH	2553856
    89 000000FF 68 000007FF                     	PUSH	2047
    90 00000104 E8 [00000000]                   	CALL	_load_idtr
    91 00000109 8D 65 F8                        	LEA	ESP,DWORD [-8+EBP]
    92 0000010C 5B                              	POP	EBX
    93 0000010D 5E                              	POP	ESI
    94 0000010E 5D                              	POP	EBP
    95 0000010F C3                              	RET
    96 00000110                                 	GLOBAL	_set_segmdesc
    97 00000110                                 _set_segmdesc:
    98 00000110 55                              	PUSH	EBP
    99 00000111 89 E5                           	MOV	EBP,ESP
   100 00000113 53                              	PUSH	EBX
   101 00000114 8B 55 0C                        	MOV	EDX,DWORD [12+EBP]
   102 00000117 8B 4D 10                        	MOV	ECX,DWORD [16+EBP]
   103 0000011A 8B 5D 08                        	MOV	EBX,DWORD [8+EBP]
   104 0000011D 8B 45 14                        	MOV	EAX,DWORD [20+EBP]
   105 00000120 81 FA 00FFFFFF                  	CMP	EDX,16777215
   106 00000126 76 08                           	JBE	L17
   107 00000128 C1 EA 0C                        	SHR	EDX,12
   108 0000012B 0D 00008000                     	OR	EAX,32768
   109 00000130                                 L17:
   110 00000130 66 89 13                        	MOV	WORD [EBX],DX
   111 00000133 88 43 05                        	MOV	BYTE [5+EBX],AL
   112 00000136 C1 EA 10                        	SHR	EDX,16
   113 00000139 C1 F8 08                        	SAR	EAX,8
   114 0000013C 83 E2 0F                        	AND	EDX,15
   115 0000013F 66 89 4B 02                     	MOV	WORD [2+EBX],CX
   116 00000143 83 E0 F0                        	AND	EAX,-16
   117 00000146 C1 F9 10                        	SAR	ECX,16
   118 00000149 09 C2                           	OR	EDX,EAX
   119 0000014B 88 4B 04                        	MOV	BYTE [4+EBX],CL
   120 0000014E 88 53 06                        	MOV	BYTE [6+EBX],DL
   121 00000151 C1 F9 08                        	SAR	ECX,8
   122 00000154 88 4B 07                        	MOV	BYTE [7+EBX],CL
   123 00000157 5B                              	POP	EBX
   124 00000158 5D                              	POP	EBP
   125 00000159 C3                              	RET
   126 0000015A                                 	GLOBAL	_set_gatedesc
   127 0000015A                                 _set_gatedesc:
   128 0000015A 55                              	PUSH	EBP
   129 0000015B 89 E5                           	MOV	EBP,ESP
   130 0000015D 53                              	PUSH	EBX
   131 0000015E 8B 55 08                        	MOV	EDX,DWORD [8+EBP]
   132 00000161 8B 45 10                        	MOV	EAX,DWORD [16+EBP]
   133 00000164 8B 5D 14                        	MOV	EBX,DWORD [20+EBP]
   134 00000167 8B 4D 0C                        	MOV	ECX,DWORD [12+EBP]
   135 0000016A 66 89 42 02                     	MOV	WORD [2+EDX],AX
   136 0000016E 88 5A 05                        	MOV	BYTE [5+EDX],BL
   137 00000171 66 89 0A                        	MOV	WORD [EDX],CX
   138 00000174 89 D8                           	MOV	EAX,EBX
   139 00000176 C1 F8 08                        	SAR	EAX,8
   140 00000179 C1 F9 10                        	SAR	ECX,16
   141 0000017C 88 42 04                        	MOV	BYTE [4+EDX],AL
   142 0000017F 66 89 4A 06                     	MOV	WORD [6+EDX],CX
   143 00000183 5B                              	POP	EBX
   144 00000184 5D                              	POP	EBP
   145 00000185 C3                              	RET
