     1 00000000                                 [FORMAT "WCOFF"]
     2 00000000                                 [INSTRSET "i486p"]
     3 00000000                                 [OPTIMIZE 1]
     4 00000000                                 [OPTION 1]
     5 00000000                                 [BITS 32]
     6 00000000                                 	EXTERN	_table_rgb.0
     7 00000000                                 	EXTERN	_io_load_eflags
     8 00000000                                 	EXTERN	_io_cli
     9 00000000                                 	EXTERN	_io_out8
    10 00000000                                 	EXTERN	_io_store_eflags
    11 00000000                                 	EXTERN	_hankaku
    12 00000000                                 [FILE "graphic.c"]
    13                                          [SECTION .data]
    14 00000000                                 _table_rgb.0:
    15 00000000 00                              	DB	0
    16 00000001 00                              	DB	0
    17 00000002 00                              	DB	0
    18 00000003 FF                              	DB	-1
    19 00000004 00                              	DB	0
    20 00000005 00                              	DB	0
    21 00000006 00                              	DB	0
    22 00000007 FF                              	DB	-1
    23 00000008 00                              	DB	0
    24 00000009 FF                              	DB	-1
    25 0000000A FF                              	DB	-1
    26 0000000B 00                              	DB	0
    27 0000000C 00                              	DB	0
    28 0000000D 00                              	DB	0
    29 0000000E FF                              	DB	-1
    30 0000000F FF                              	DB	-1
    31 00000010 00                              	DB	0
    32 00000011 FF                              	DB	-1
    33 00000012 00                              	DB	0
    34 00000013 FF                              	DB	-1
    35 00000014 FF                              	DB	-1
    36 00000015 FF                              	DB	-1
    37 00000016 FF                              	DB	-1
    38 00000017 FF                              	DB	-1
    39 00000018 C6                              	DB	-58
    40 00000019 C6                              	DB	-58
    41 0000001A C6                              	DB	-58
    42 0000001B 84                              	DB	-124
    43 0000001C 00                              	DB	0
    44 0000001D 00                              	DB	0
    45 0000001E 00                              	DB	0
    46 0000001F 84                              	DB	-124
    47 00000020 00                              	DB	0
    48 00000021 84                              	DB	-124
    49 00000022 84                              	DB	-124
    50 00000023 00                              	DB	0
    51 00000024 00                              	DB	0
    52 00000025 00                              	DB	0
    53 00000026 84                              	DB	-124
    54 00000027 84                              	DB	-124
    55 00000028 00                              	DB	0
    56 00000029 84                              	DB	-124
    57 0000002A 00                              	DB	0
    58 0000002B 84                              	DB	-124
    59 0000002C 84                              	DB	-124
    60 0000002D 84                              	DB	-124
    61 0000002E 84                              	DB	-124
    62 0000002F 84                              	DB	-124
    63                                          [SECTION .text]
    64 00000000                                 	GLOBAL	_init_palette
    65 00000000                                 _init_palette:
    66 00000000 55                              	PUSH	EBP
    67 00000001 89 E5                           	MOV	EBP,ESP
    68 00000003 68 [00000000]                   	PUSH	_table_rgb.0
    69 00000008 6A 0F                           	PUSH	15
    70 0000000A 6A 00                           	PUSH	0
    71 0000000C E8 00000002                     	CALL	_set_palette
    72 00000011 C9                              	LEAVE
    73 00000012 C3                              	RET
    74 00000013                                 	GLOBAL	_set_palette
    75 00000013                                 _set_palette:
    76 00000013 55                              	PUSH	EBP
    77 00000014 89 E5                           	MOV	EBP,ESP
    78 00000016 57                              	PUSH	EDI
    79 00000017 56                              	PUSH	ESI
    80 00000018 53                              	PUSH	EBX
    81 00000019 51                              	PUSH	ECX
    82 0000001A 8B 5D 08                        	MOV	EBX,DWORD [8+EBP]
    83 0000001D 8B 7D 0C                        	MOV	EDI,DWORD [12+EBP]
    84 00000020 8B 75 10                        	MOV	ESI,DWORD [16+EBP]
    85 00000023 E8 [00000000]                   	CALL	_io_load_eflags
    86 00000028 89 45 F0                        	MOV	DWORD [-16+EBP],EAX
    87 0000002B E8 [00000000]                   	CALL	_io_cli
    88 00000030 53                              	PUSH	EBX
    89 00000031 68 000003C8                     	PUSH	968
    90 00000036 E8 [00000000]                   	CALL	_io_out8
    91 0000003B 39 FB                           	CMP	EBX,EDI
    92 0000003D 58                              	POP	EAX
    93 0000003E 5A                              	POP	EDX
    94 0000003F 7E 12                           	JLE	L7
    95 00000041                                 L9:
    96 00000041 8B 45 F0                        	MOV	EAX,DWORD [-16+EBP]
    97 00000044 89 45 08                        	MOV	DWORD [8+EBP],EAX
    98 00000047 8D 65 F4                        	LEA	ESP,DWORD [-12+EBP]
    99 0000004A 5B                              	POP	EBX
   100 0000004B 5E                              	POP	ESI
   101 0000004C 5F                              	POP	EDI
   102 0000004D 5D                              	POP	EBP
   103 0000004E E9 [00000000]                   	JMP	_io_store_eflags
   104 00000053                                 L7:
   105 00000053 8A 06                           	MOV	AL,BYTE [ESI]
   106 00000055 43                              	INC	EBX
   107 00000056 C0 E8 02                        	SHR	AL,2
   108 00000059 0F B6 C0                        	MOVZX	EAX,AL
   109 0000005C 50                              	PUSH	EAX
   110 0000005D 68 000003C9                     	PUSH	969
   111 00000062 E8 [00000000]                   	CALL	_io_out8
   112 00000067 8A 46 01                        	MOV	AL,BYTE [1+ESI]
   113 0000006A C0 E8 02                        	SHR	AL,2
   114 0000006D 0F B6 C0                        	MOVZX	EAX,AL
   115 00000070 50                              	PUSH	EAX
   116 00000071 68 000003C9                     	PUSH	969
   117 00000076 E8 [00000000]                   	CALL	_io_out8
   118 0000007B 8A 46 02                        	MOV	AL,BYTE [2+ESI]
   119 0000007E C0 E8 02                        	SHR	AL,2
   120 00000081 83 C6 03                        	ADD	ESI,3
   121 00000084 0F B6 C0                        	MOVZX	EAX,AL
   122 00000087 50                              	PUSH	EAX
   123 00000088 68 000003C9                     	PUSH	969
   124 0000008D E8 [00000000]                   	CALL	_io_out8
   125 00000092 83 C4 18                        	ADD	ESP,24
   126 00000095 39 FB                           	CMP	EBX,EDI
   127 00000097 7E BA                           	JLE	L7
   128 00000099 EB A6                           	JMP	L9
   129 0000009B                                 	GLOBAL	_boxfill8
   130 0000009B                                 _boxfill8:
   131 0000009B 55                              	PUSH	EBP
   132 0000009C 89 E5                           	MOV	EBP,ESP
   133 0000009E 57                              	PUSH	EDI
   134 0000009F 56                              	PUSH	ESI
   135 000000A0 53                              	PUSH	EBX
   136 000000A1 57                              	PUSH	EDI
   137 000000A2 57                              	PUSH	EDI
   138 000000A3 8A 45 10                        	MOV	AL,BYTE [16+EBP]
   139 000000A6 8B 4D 18                        	MOV	ECX,DWORD [24+EBP]
   140 000000A9 8B 7D 1C                        	MOV	EDI,DWORD [28+EBP]
   141 000000AC 88 45 F3                        	MOV	BYTE [-13+EBP],AL
   142 000000AF 3B 4D 20                        	CMP	ECX,DWORD [32+EBP]
   143 000000B2 7F 31                           	JG	L22
   144 000000B4 8B 5D 0C                        	MOV	EBX,DWORD [12+EBP]
   145 000000B7 0F AF D9                        	IMUL	EBX,ECX
   146 000000BA                                 L20:
   147 000000BA 8B 55 14                        	MOV	EDX,DWORD [20+EBP]
   148 000000BD 39 FA                           	CMP	EDX,EDI
   149 000000BF 7F 1B                           	JG	L24
   150 000000C1 8B 75 08                        	MOV	ESI,DWORD [8+EBP]
   151 000000C4 01 DE                           	ADD	ESI,EBX
   152 000000C6 01 D6                           	ADD	ESI,EDX
   153 000000C8 89 75 EC                        	MOV	DWORD [-20+EBP],ESI
   154 000000CB                                 L19:
   155 000000CB 8B 75 EC                        	MOV	ESI,DWORD [-20+EBP]
   156 000000CE 8A 45 F3                        	MOV	AL,BYTE [-13+EBP]
   157 000000D1 42                              	INC	EDX
   158 000000D2 88 06                           	MOV	BYTE [ESI],AL
   159 000000D4 46                              	INC	ESI
   160 000000D5 89 75 EC                        	MOV	DWORD [-20+EBP],ESI
   161 000000D8 39 FA                           	CMP	EDX,EDI
   162 000000DA 7E EF                           	JLE	L19
   163 000000DC                                 L24:
   164 000000DC 41                              	INC	ECX
   165 000000DD 03 5D 0C                        	ADD	EBX,DWORD [12+EBP]
   166 000000E0 3B 4D 20                        	CMP	ECX,DWORD [32+EBP]
   167 000000E3 7E D5                           	JLE	L20
   168 000000E5                                 L22:
   169 000000E5 5B                              	POP	EBX
   170 000000E6 5E                              	POP	ESI
   171 000000E7 5B                              	POP	EBX
   172 000000E8 5E                              	POP	ESI
   173 000000E9 5F                              	POP	EDI
   174 000000EA 5D                              	POP	EBP
   175 000000EB C3                              	RET
   176 000000EC                                 	GLOBAL	_init_screen8
   177 000000EC                                 _init_screen8:
   178 000000EC 55                              	PUSH	EBP
   179 000000ED 89 E5                           	MOV	EBP,ESP
   180 000000EF 57                              	PUSH	EDI
   181 000000F0 56                              	PUSH	ESI
   182 000000F1 8B 75 10                        	MOV	ESI,DWORD [16+EBP]
   183 000000F4 53                              	PUSH	EBX
   184 000000F5 8B 5D 0C                        	MOV	EBX,DWORD [12+EBP]
   185 000000F8 8D 46 E3                        	LEA	EAX,DWORD [-29+ESI]
   186 000000FB 4B                              	DEC	EBX
   187 000000FC 50                              	PUSH	EAX
   188 000000FD 8D 7E E8                        	LEA	EDI,DWORD [-24+ESI]
   189 00000100 53                              	PUSH	EBX
   190 00000101 6A 00                           	PUSH	0
   191 00000103 6A 00                           	PUSH	0
   192 00000105 6A 0E                           	PUSH	14
   193 00000107 FF 75 0C                        	PUSH	DWORD [12+EBP]
   194 0000010A FF 75 08                        	PUSH	DWORD [8+EBP]
   195 0000010D E8 FFFFFF89                     	CALL	_boxfill8
   196 00000112 8D 46 E4                        	LEA	EAX,DWORD [-28+ESI]
   197 00000115 50                              	PUSH	EAX
   198 00000116 53                              	PUSH	EBX
   199 00000117 50                              	PUSH	EAX
   200 00000118 6A 00                           	PUSH	0
   201 0000011A 6A 08                           	PUSH	8
   202 0000011C FF 75 0C                        	PUSH	DWORD [12+EBP]
   203 0000011F FF 75 08                        	PUSH	DWORD [8+EBP]
   204 00000122 E8 FFFFFF74                     	CALL	_boxfill8
   205 00000127 8D 46 E5                        	LEA	EAX,DWORD [-27+ESI]
   206 0000012A 83 C4 38                        	ADD	ESP,56
   207 0000012D 50                              	PUSH	EAX
   208 0000012E 53                              	PUSH	EBX
   209 0000012F 50                              	PUSH	EAX
   210 00000130 6A 00                           	PUSH	0
   211 00000132 6A 07                           	PUSH	7
   212 00000134 FF 75 0C                        	PUSH	DWORD [12+EBP]
   213 00000137 FF 75 08                        	PUSH	DWORD [8+EBP]
   214 0000013A E8 FFFFFF5C                     	CALL	_boxfill8
   215 0000013F 8D 46 FF                        	LEA	EAX,DWORD [-1+ESI]
   216 00000142 50                              	PUSH	EAX
   217 00000143 8D 46 E6                        	LEA	EAX,DWORD [-26+ESI]
   218 00000146 53                              	PUSH	EBX
   219 00000147 8D 5E FC                        	LEA	EBX,DWORD [-4+ESI]
   220 0000014A 50                              	PUSH	EAX
   221 0000014B 6A 00                           	PUSH	0
   222 0000014D 6A 08                           	PUSH	8
   223 0000014F FF 75 0C                        	PUSH	DWORD [12+EBP]
   224 00000152 FF 75 08                        	PUSH	DWORD [8+EBP]
   225 00000155 E8 FFFFFF41                     	CALL	_boxfill8
   226 0000015A 83 C4 38                        	ADD	ESP,56
   227 0000015D 57                              	PUSH	EDI
   228 0000015E 6A 3B                           	PUSH	59
   229 00000160 57                              	PUSH	EDI
   230 00000161 6A 03                           	PUSH	3
   231 00000163 6A 07                           	PUSH	7
   232 00000165 FF 75 0C                        	PUSH	DWORD [12+EBP]
   233 00000168 FF 75 08                        	PUSH	DWORD [8+EBP]
   234 0000016B E8 FFFFFF2B                     	CALL	_boxfill8
   235 00000170 53                              	PUSH	EBX
   236 00000171 6A 02                           	PUSH	2
   237 00000173 57                              	PUSH	EDI
   238 00000174 6A 02                           	PUSH	2
   239 00000176 6A 07                           	PUSH	7
   240 00000178 FF 75 0C                        	PUSH	DWORD [12+EBP]
   241 0000017B FF 75 08                        	PUSH	DWORD [8+EBP]
   242 0000017E E8 FFFFFF18                     	CALL	_boxfill8
   243 00000183 83 C4 38                        	ADD	ESP,56
   244 00000186 53                              	PUSH	EBX
   245 00000187 6A 3B                           	PUSH	59
   246 00000189 53                              	PUSH	EBX
   247 0000018A 6A 03                           	PUSH	3
   248 0000018C 6A 0F                           	PUSH	15
   249 0000018E FF 75 0C                        	PUSH	DWORD [12+EBP]
   250 00000191 FF 75 08                        	PUSH	DWORD [8+EBP]
   251 00000194 E8 FFFFFF02                     	CALL	_boxfill8
   252 00000199 8D 46 FB                        	LEA	EAX,DWORD [-5+ESI]
   253 0000019C 50                              	PUSH	EAX
   254 0000019D 8D 46 E9                        	LEA	EAX,DWORD [-23+ESI]
   255 000001A0 6A 3B                           	PUSH	59
   256 000001A2 83 EE 03                        	SUB	ESI,3
   257 000001A5 50                              	PUSH	EAX
   258 000001A6 6A 3B                           	PUSH	59
   259 000001A8 6A 0F                           	PUSH	15
   260 000001AA FF 75 0C                        	PUSH	DWORD [12+EBP]
   261 000001AD FF 75 08                        	PUSH	DWORD [8+EBP]
   262 000001B0 E8 FFFFFEE6                     	CALL	_boxfill8
   263 000001B5 83 C4 38                        	ADD	ESP,56
   264 000001B8 56                              	PUSH	ESI
   265 000001B9 6A 3B                           	PUSH	59
   266 000001BB 56                              	PUSH	ESI
   267 000001BC 6A 02                           	PUSH	2
   268 000001BE 6A 00                           	PUSH	0
   269 000001C0 FF 75 0C                        	PUSH	DWORD [12+EBP]
   270 000001C3 FF 75 08                        	PUSH	DWORD [8+EBP]
   271 000001C6 E8 FFFFFED0                     	CALL	_boxfill8
   272 000001CB 56                              	PUSH	ESI
   273 000001CC 6A 3C                           	PUSH	60
   274 000001CE 57                              	PUSH	EDI
   275 000001CF 6A 3C                           	PUSH	60
   276 000001D1 6A 00                           	PUSH	0
   277 000001D3 FF 75 0C                        	PUSH	DWORD [12+EBP]
   278 000001D6 FF 75 08                        	PUSH	DWORD [8+EBP]
   279 000001D9 E8 FFFFFEBD                     	CALL	_boxfill8
   280 000001DE 8D 65 F4                        	LEA	ESP,DWORD [-12+EBP]
   281 000001E1 5B                              	POP	EBX
   282 000001E2 5E                              	POP	ESI
   283 000001E3 5F                              	POP	EDI
   284 000001E4 5D                              	POP	EBP
   285 000001E5 C3                              	RET
   286 000001E6                                 	GLOBAL	_putfont8
   287 000001E6                                 _putfont8:
   288 000001E6 55                              	PUSH	EBP
   289 000001E7 89 E5                           	MOV	EBP,ESP
   290 000001E9 57                              	PUSH	EDI
   291 000001EA 56                              	PUSH	ESI
   292 000001EB 31 F6                           	XOR	ESI,ESI
   293 000001ED 53                              	PUSH	EBX
   294 000001EE 8B 7D 1C                        	MOV	EDI,DWORD [28+EBP]
   295 000001F1 8A 5D 18                        	MOV	BL,BYTE [24+EBP]
   296 000001F4                                 L39:
   297 000001F4 8B 45 14                        	MOV	EAX,DWORD [20+EBP]
   298 000001F7 8B 55 10                        	MOV	EDX,DWORD [16+EBP]
   299 000001FA 01 F0                           	ADD	EAX,ESI
   300 000001FC 0F AF 45 0C                     	IMUL	EAX,DWORD [12+EBP]
   301 00000200 03 45 08                        	ADD	EAX,DWORD [8+EBP]
   302 00000203 8D 0C 02                        	LEA	ECX,DWORD [EDX+EAX*1]
   303 00000206 8A 14 3E                        	MOV	DL,BYTE [ESI+EDI*1]
   304 00000209 84 D2                           	TEST	DL,DL
   305 0000020B 79 02                           	JNS	L31
   306 0000020D 88 19                           	MOV	BYTE [ECX],BL
   307 0000020F                                 L31:
   308 0000020F 88 D0                           	MOV	AL,DL
   309 00000211 83 E0 40                        	AND	EAX,64
   310 00000214 84 C0                           	TEST	AL,AL
   311 00000216 74 03                           	JE	L32
   312 00000218 88 59 01                        	MOV	BYTE [1+ECX],BL
   313 0000021B                                 L32:
   314 0000021B 88 D0                           	MOV	AL,DL
   315 0000021D 83 E0 20                        	AND	EAX,32
   316 00000220 84 C0                           	TEST	AL,AL
   317 00000222 74 03                           	JE	L33
   318 00000224 88 59 02                        	MOV	BYTE [2+ECX],BL
   319 00000227                                 L33:
   320 00000227 88 D0                           	MOV	AL,DL
   321 00000229 83 E0 10                        	AND	EAX,16
   322 0000022C 84 C0                           	TEST	AL,AL
   323 0000022E 74 03                           	JE	L34
   324 00000230 88 59 03                        	MOV	BYTE [3+ECX],BL
   325 00000233                                 L34:
   326 00000233 88 D0                           	MOV	AL,DL
   327 00000235 83 E0 08                        	AND	EAX,8
   328 00000238 84 C0                           	TEST	AL,AL
   329 0000023A 74 03                           	JE	L35
   330 0000023C 88 59 04                        	MOV	BYTE [4+ECX],BL
   331 0000023F                                 L35:
   332 0000023F 88 D0                           	MOV	AL,DL
   333 00000241 83 E0 04                        	AND	EAX,4
   334 00000244 84 C0                           	TEST	AL,AL
   335 00000246 74 03                           	JE	L36
   336 00000248 88 59 05                        	MOV	BYTE [5+ECX],BL
   337 0000024B                                 L36:
   338 0000024B 88 D0                           	MOV	AL,DL
   339 0000024D 83 E0 02                        	AND	EAX,2
   340 00000250 84 C0                           	TEST	AL,AL
   341 00000252 74 03                           	JE	L37
   342 00000254 88 59 06                        	MOV	BYTE [6+ECX],BL
   343 00000257                                 L37:
   344 00000257 83 E2 01                        	AND	EDX,1
   345 0000025A 84 D2                           	TEST	DL,DL
   346 0000025C 74 03                           	JE	L29
   347 0000025E 88 59 07                        	MOV	BYTE [7+ECX],BL
   348 00000261                                 L29:
   349 00000261 46                              	INC	ESI
   350 00000262 83 FE 0F                        	CMP	ESI,15
   351 00000265 7E 8D                           	JLE	L39
   352 00000267 5B                              	POP	EBX
   353 00000268 5E                              	POP	ESI
   354 00000269 5F                              	POP	EDI
   355 0000026A 5D                              	POP	EBP
   356 0000026B C3                              	RET
   357 0000026C                                 	GLOBAL	_putfonts8_asc
   358 0000026C                                 _putfonts8_asc:
   359 0000026C 55                              	PUSH	EBP
   360 0000026D 89 E5                           	MOV	EBP,ESP
   361 0000026F 57                              	PUSH	EDI
   362 00000270 56                              	PUSH	ESI
   363 00000271 53                              	PUSH	EBX
   364 00000272 50                              	PUSH	EAX
   365 00000273 8B 5D 1C                        	MOV	EBX,DWORD [28+EBP]
   366 00000276 8A 45 18                        	MOV	AL,BYTE [24+EBP]
   367 00000279 88 45 F3                        	MOV	BYTE [-13+EBP],AL
   368 0000027C 8B 75 10                        	MOV	ESI,DWORD [16+EBP]
   369 0000027F 8B 7D 14                        	MOV	EDI,DWORD [20+EBP]
   370 00000282 80 3B 00                        	CMP	BYTE [EBX],0
   371 00000285 75 08                           	JNE	L47
   372 00000287                                 L49:
   373 00000287 8D 65 F4                        	LEA	ESP,DWORD [-12+EBP]
   374 0000028A 5B                              	POP	EBX
   375 0000028B 5E                              	POP	ESI
   376 0000028C 5F                              	POP	EDI
   377 0000028D 5D                              	POP	EBP
   378 0000028E C3                              	RET
   379 0000028F                                 L47:
   380 0000028F 0F B6 03                        	MOVZX	EAX,BYTE [EBX]
   381 00000292 C1 E0 04                        	SAL	EAX,4
   382 00000295 43                              	INC	EBX
   383 00000296 05 [00000000]                   	ADD	EAX,_hankaku
   384 0000029B 50                              	PUSH	EAX
   385 0000029C 0F BE 45 F3                     	MOVSX	EAX,BYTE [-13+EBP]
   386 000002A0 50                              	PUSH	EAX
   387 000002A1 57                              	PUSH	EDI
   388 000002A2 56                              	PUSH	ESI
   389 000002A3 83 C6 08                        	ADD	ESI,8
   390 000002A6 FF 75 0C                        	PUSH	DWORD [12+EBP]
   391 000002A9 FF 75 08                        	PUSH	DWORD [8+EBP]
   392 000002AC E8 FFFFFF35                     	CALL	_putfont8
   393 000002B1 83 C4 18                        	ADD	ESP,24
   394 000002B4 80 3B 00                        	CMP	BYTE [EBX],0
   395 000002B7 75 D6                           	JNE	L47
   396 000002B9 EB CC                           	JMP	L49
   397                                          [SECTION .data]
   398 00000030                                 _cursor.1:
   399 00000030 2A 2A 2A 2A 2A 2A 2A 2A 2A 2A   	DB	"**************.."
       0000003A 2A 2A 2A 2A 2E 2E 
   400 00000040 2A 4F 4F 4F 4F 4F 4F 4F 4F 4F   	DB	"*OOOOOOOOOOO*..."
       0000004A 4F 4F 2A 2E 2E 2E 
   401 00000050 2A 4F 4F 4F 4F 4F 4F 4F 4F 4F   	DB	"*OOOOOOOOOO*...."
       0000005A 4F 2A 2E 2E 2E 2E 
   402 00000060 2A 4F 4F 4F 4F 4F 4F 4F 4F 4F   	DB	"*OOOOOOOOO*....."
       0000006A 2A 2E 2E 2E 2E 2E 
   403 00000070 2A 4F 4F 4F 4F 4F 4F 4F 4F 2A   	DB	"*OOOOOOOO*......"
       0000007A 2E 2E 2E 2E 2E 2E 
   404 00000080 2A 4F 4F 4F 4F 4F 4F 4F 2A 2E   	DB	"*OOOOOOO*......."
       0000008A 2E 2E 2E 2E 2E 2E 
   405 00000090 2A 4F 4F 4F 4F 4F 4F 4F 2A 2E   	DB	"*OOOOOOO*......."
       0000009A 2E 2E 2E 2E 2E 2E 
   406 000000A0 2A 4F 4F 4F 4F 4F 4F 4F 4F 2A   	DB	"*OOOOOOOO*......"
       000000AA 2E 2E 2E 2E 2E 2E 
   407 000000B0 2A 4F 4F 4F 4F 2A 2A 4F 4F 4F   	DB	"*OOOO**OOO*....."
       000000BA 2A 2E 2E 2E 2E 2E 
   408 000000C0 2A 4F 4F 4F 2A 2E 2E 2A 4F 4F   	DB	"*OOO*..*OOO*...."
       000000CA 4F 2A 2E 2E 2E 2E 
   409 000000D0 2A 4F 4F 2A 2E 2E 2E 2E 2A 4F   	DB	"*OO*....*OOO*..."
       000000DA 4F 4F 2A 2E 2E 2E 
   410 000000E0 2A 4F 2A 2E 2E 2E 2E 2E 2E 2A   	DB	"*O*......*OOO*.."
       000000EA 4F 4F 4F 2A 2E 2E 
   411 000000F0 2A 2A 2E 2E 2E 2E 2E 2E 2E 2E   	DB	"**........*OOO*."
       000000FA 2A 4F 4F 4F 2A 2E 
   412 00000100 2A 2E 2E 2E 2E 2E 2E 2E 2E 2E   	DB	"*..........*OOO*"
       0000010A 2E 2A 4F 4F 4F 2A 
   413 00000110 2E 2E 2E 2E 2E 2E 2E 2E 2E 2E   	DB	"............*OO*"
       0000011A 2E 2E 2A 4F 4F 2A 
   414 00000120 2E 2E 2E 2E 2E 2E 2E 2E 2E 2E   	DB	".............***"
       0000012A 2E 2E 2E 2A 2A 2A 
   415                                          [SECTION .text]
   416 000002BB                                 	GLOBAL	_init_mouse_cursor8
   417 000002BB                                 _init_mouse_cursor8:
   418 000002BB 55                              	PUSH	EBP
   419 000002BC 89 E5                           	MOV	EBP,ESP
   420 000002BE 57                              	PUSH	EDI
   421 000002BF 56                              	PUSH	ESI
   422 000002C0 31 FF                           	XOR	EDI,EDI
   423 000002C2 53                              	PUSH	EBX
   424 000002C3 31 DB                           	XOR	EBX,EBX
   425 000002C5 50                              	PUSH	EAX
   426 000002C6 8A 45 0C                        	MOV	AL,BYTE [12+EBP]
   427 000002C9 8B 75 08                        	MOV	ESI,DWORD [8+EBP]
   428 000002CC 88 45 F3                        	MOV	BYTE [-13+EBP],AL
   429 000002CF                                 L63:
   430 000002CF 31 D2                           	XOR	EDX,EDX
   431 000002D1                                 L62:
   432 000002D1 8D 04 3A                        	LEA	EAX,DWORD [EDX+EDI*1]
   433 000002D4 80 B8 [00000030] 2A             	CMP	BYTE [_cursor.1+EAX],42
   434 000002DB 74 35                           	JE	L68
   435 000002DD                                 L59:
   436 000002DD 80 B8 [00000030] 4F             	CMP	BYTE [_cursor.1+EAX],79
   437 000002E4 74 26                           	JE	L69
   438 000002E6                                 L60:
   439 000002E6 80 B8 [00000030] 2E             	CMP	BYTE [_cursor.1+EAX],46
   440 000002ED 74 15                           	JE	L70
   441 000002EF                                 L57:
   442 000002EF 42                              	INC	EDX
   443 000002F0 83 FA 0F                        	CMP	EDX,15
   444 000002F3 7E DC                           	JLE	L62
   445 000002F5 43                              	INC	EBX
   446 000002F6 83 C7 10                        	ADD	EDI,16
   447 000002F9 83 FB 0F                        	CMP	EBX,15
   448 000002FC 7E D1                           	JLE	L63
   449 000002FE 58                              	POP	EAX
   450 000002FF 5B                              	POP	EBX
   451 00000300 5E                              	POP	ESI
   452 00000301 5F                              	POP	EDI
   453 00000302 5D                              	POP	EBP
   454 00000303 C3                              	RET
   455 00000304                                 L70:
   456 00000304 8A 4D F3                        	MOV	CL,BYTE [-13+EBP]
   457 00000307 88 0C 30                        	MOV	BYTE [EAX+ESI*1],CL
   458 0000030A EB E3                           	JMP	L57
   459 0000030C                                 L69:
   460 0000030C C6 04 30 07                     	MOV	BYTE [EAX+ESI*1],7
   461 00000310 EB D4                           	JMP	L60
   462 00000312                                 L68:
   463 00000312 C6 04 30 00                     	MOV	BYTE [EAX+ESI*1],0
   464 00000316 EB C5                           	JMP	L59
   465 00000318                                 	GLOBAL	_putblock8_8
   466 00000318                                 _putblock8_8:
   467 00000318 55                              	PUSH	EBP
   468 00000319 89 E5                           	MOV	EBP,ESP
   469 0000031B 57                              	PUSH	EDI
   470 0000031C 56                              	PUSH	ESI
   471 0000031D 31 F6                           	XOR	ESI,ESI
   472 0000031F 53                              	PUSH	EBX
   473 00000320 83 EC 0C                        	SUB	ESP,12
   474 00000323 3B 75 14                        	CMP	ESI,DWORD [20+EBP]
   475 00000326 7D 3E                           	JGE	L83
   476 00000328 31 FF                           	XOR	EDI,EDI
   477 0000032A                                 L81:
   478 0000032A 31 DB                           	XOR	EBX,EBX
   479 0000032C 3B 5D 10                        	CMP	EBX,DWORD [16+EBP]
   480 0000032F 7D 2C                           	JGE	L85
   481 00000331 8B 45 20                        	MOV	EAX,DWORD [32+EBP]
   482 00000334 01 F8                           	ADD	EAX,EDI
   483 00000336 89 45 EC                        	MOV	DWORD [-20+EBP],EAX
   484 00000339                                 L80:
   485 00000339 8B 45 1C                        	MOV	EAX,DWORD [28+EBP]
   486 0000033C 8B 55 18                        	MOV	EDX,DWORD [24+EBP]
   487 0000033F 01 F0                           	ADD	EAX,ESI
   488 00000341 01 DA                           	ADD	EDX,EBX
   489 00000343 0F AF 45 0C                     	IMUL	EAX,DWORD [12+EBP]
   490 00000347 01 D0                           	ADD	EAX,EDX
   491 00000349 8B 4D 08                        	MOV	ECX,DWORD [8+EBP]
   492 0000034C 8B 55 EC                        	MOV	EDX,DWORD [-20+EBP]
   493 0000034F 43                              	INC	EBX
   494 00000350 8A 12                           	MOV	DL,BYTE [EDX]
   495 00000352 88 14 08                        	MOV	BYTE [EAX+ECX*1],DL
   496 00000355 FF 45 EC                        	INC	DWORD [-20+EBP]
   497 00000358 3B 5D 10                        	CMP	EBX,DWORD [16+EBP]
   498 0000035B 7C DC                           	JL	L80
   499 0000035D                                 L85:
   500 0000035D 46                              	INC	ESI
   501 0000035E 03 7D 24                        	ADD	EDI,DWORD [36+EBP]
   502 00000361 3B 75 14                        	CMP	ESI,DWORD [20+EBP]
   503 00000364 7C C4                           	JL	L81
   504 00000366                                 L83:
   505 00000366 83 C4 0C                        	ADD	ESP,12
   506 00000369 5B                              	POP	EBX
   507 0000036A 5E                              	POP	ESI
   508 0000036B 5F                              	POP	EDI
   509 0000036C 5D                              	POP	EBP
   510 0000036D C3                              	RET
