     1 00000000                                 [FORMAT "WCOFF"]
     2 00000000                                 [INSTRSET "i486p"]
     3 00000000                                 [OPTIMIZE 1]
     4 00000000                                 [OPTION 1]
     5 00000000                                 [BITS 32]
     6 00000000                                 	EXTERN	_io_out8
     7 00000000                                 	EXTERN	_init_fifo
     8 00000000                                 	EXTERN	_fifo_status
     9 00000000                                 	EXTERN	_fifo_get
    10 00000000                                 	EXTERN	_io_in8
    11 00000000                                 	EXTERN	_fifo_put
    12 00000000                                 [FILE "int.c"]
    13                                          [SECTION .text]
    14 00000000                                 	GLOBAL	_init_pic
    15 00000000                                 _init_pic:
    16 00000000 55                              	PUSH	EBP
    17 00000001 89 E5                           	MOV	EBP,ESP
    18 00000003 68 000000FF                     	PUSH	255
    19 00000008 6A 21                           	PUSH	33
    20 0000000A E8 [00000000]                   	CALL	_io_out8
    21 0000000F 68 000000FF                     	PUSH	255
    22 00000014 68 000000A1                     	PUSH	161
    23 00000019 E8 [00000000]                   	CALL	_io_out8
    24 0000001E 6A 11                           	PUSH	17
    25 00000020 6A 20                           	PUSH	32
    26 00000022 E8 [00000000]                   	CALL	_io_out8
    27 00000027 6A 20                           	PUSH	32
    28 00000029 6A 21                           	PUSH	33
    29 0000002B E8 [00000000]                   	CALL	_io_out8
    30 00000030 83 C4 20                        	ADD	ESP,32
    31 00000033 6A 04                           	PUSH	4
    32 00000035 6A 21                           	PUSH	33
    33 00000037 E8 [00000000]                   	CALL	_io_out8
    34 0000003C 6A 01                           	PUSH	1
    35 0000003E 6A 21                           	PUSH	33
    36 00000040 E8 [00000000]                   	CALL	_io_out8
    37 00000045 6A 11                           	PUSH	17
    38 00000047 68 000000A0                     	PUSH	160
    39 0000004C E8 [00000000]                   	CALL	_io_out8
    40 00000051 6A 28                           	PUSH	40
    41 00000053 68 000000A1                     	PUSH	161
    42 00000058 E8 [00000000]                   	CALL	_io_out8
    43 0000005D 83 C4 20                        	ADD	ESP,32
    44 00000060 6A 02                           	PUSH	2
    45 00000062 68 000000A1                     	PUSH	161
    46 00000067 E8 [00000000]                   	CALL	_io_out8
    47 0000006C 6A 01                           	PUSH	1
    48 0000006E 68 000000A1                     	PUSH	161
    49 00000073 E8 [00000000]                   	CALL	_io_out8
    50 00000078 68 000000FB                     	PUSH	251
    51 0000007D 6A 21                           	PUSH	33
    52 0000007F E8 [00000000]                   	CALL	_io_out8
    53 00000084 68 000000FF                     	PUSH	255
    54 00000089 68 000000A1                     	PUSH	161
    55 0000008E E8 [00000000]                   	CALL	_io_out8
    56 00000093 C9                              	LEAVE
    57 00000094 C3                              	RET
    58 00000095                                 	GLOBAL	_init_keybuf
    59 00000095                                 _init_keybuf:
    60 00000095 55                              	PUSH	EBP
    61 00000096 89 E5                           	MOV	EBP,ESP
    62 00000098 68 [00000000]                   	PUSH	_gkeyboard
    63 0000009D E8 [00000000]                   	CALL	_init_fifo
    64 000000A2 68 [00000030]                   	PUSH	_gmouse
    65 000000A7 E8 [00000000]                   	CALL	_init_fifo
    66 000000AC C9                              	LEAVE
    67 000000AD C3                              	RET
    68 000000AE                                 	GLOBAL	_keybord_data_num
    69 000000AE                                 _keybord_data_num:
    70 000000AE 55                              	PUSH	EBP
    71 000000AF 89 E5                           	MOV	EBP,ESP
    72 000000B1 68 [00000000]                   	PUSH	_gkeyboard
    73 000000B6 E8 [00000000]                   	CALL	_fifo_status
    74 000000BB C9                              	LEAVE
    75 000000BC C3                              	RET
    76 000000BD                                 	GLOBAL	_mouse_data_num
    77 000000BD                                 _mouse_data_num:
    78 000000BD 55                              	PUSH	EBP
    79 000000BE 89 E5                           	MOV	EBP,ESP
    80 000000C0 68 [00000030]                   	PUSH	_gmouse
    81 000000C5 E8 [00000000]                   	CALL	_fifo_status
    82 000000CA C9                              	LEAVE
    83 000000CB C3                              	RET
    84 000000CC                                 	GLOBAL	_get_keybord_data
    85 000000CC                                 _get_keybord_data:
    86 000000CC 55                              	PUSH	EBP
    87 000000CD 89 E5                           	MOV	EBP,ESP
    88 000000CF 68 [00000000]                   	PUSH	_gkeyboard
    89 000000D4 E8 [00000000]                   	CALL	_fifo_get
    90 000000D9 0F B6 C0                        	MOVZX	EAX,AL
    91 000000DC C9                              	LEAVE
    92 000000DD C3                              	RET
    93 000000DE                                 	GLOBAL	_get_mouse_data
    94 000000DE                                 _get_mouse_data:
    95 000000DE 55                              	PUSH	EBP
    96 000000DF 89 E5                           	MOV	EBP,ESP
    97 000000E1 68 [00000030]                   	PUSH	_gmouse
    98 000000E6 E8 [00000000]                   	CALL	_fifo_get
    99 000000EB 0F B6 C0                        	MOVZX	EAX,AL
   100 000000EE C9                              	LEAVE
   101 000000EF C3                              	RET
   102 000000F0                                 	GLOBAL	_inthandler21
   103 000000F0                                 _inthandler21:
   104 000000F0 55                              	PUSH	EBP
   105 000000F1 89 E5                           	MOV	EBP,ESP
   106 000000F3 53                              	PUSH	EBX
   107 000000F4 6A 60                           	PUSH	96
   108 000000F6 E8 [00000000]                   	CALL	_io_in8
   109 000000FB 6A 61                           	PUSH	97
   110 000000FD 88 C3                           	MOV	BL,AL
   111 000000FF 6A 20                           	PUSH	32
   112 00000101 0F B6 DB                        	MOVZX	EBX,BL
   113 00000104 E8 [00000000]                   	CALL	_io_out8
   114 00000109 53                              	PUSH	EBX
   115 0000010A 68 [00000000]                   	PUSH	_gkeyboard
   116 0000010F E8 [00000000]                   	CALL	_fifo_put
   117 00000114 8B 5D FC                        	MOV	EBX,DWORD [-4+EBP]
   118 00000117 C9                              	LEAVE
   119 00000118 C3                              	RET
   120 00000119                                 	GLOBAL	_inthandler2c
   121 00000119                                 _inthandler2c:
   122 00000119 55                              	PUSH	EBP
   123 0000011A 89 E5                           	MOV	EBP,ESP
   124 0000011C 6A 64                           	PUSH	100
   125 0000011E 68 000000A0                     	PUSH	160
   126 00000123 E8 [00000000]                   	CALL	_io_out8
   127 00000128 6A 62                           	PUSH	98
   128 0000012A 6A 20                           	PUSH	32
   129 0000012C E8 [00000000]                   	CALL	_io_out8
   130 00000131 6A 60                           	PUSH	96
   131 00000133 E8 [00000000]                   	CALL	_io_in8
   132 00000138 0F B6 C0                        	MOVZX	EAX,AL
   133 0000013B 50                              	PUSH	EAX
   134 0000013C 68 [00000030]                   	PUSH	_gmouse
   135 00000141 E8 [00000000]                   	CALL	_fifo_put
   136 00000146 C9                              	LEAVE
   137 00000147 C3                              	RET
   138 00000148                                 	GLOBAL	_inthandler27
   139 00000148                                 _inthandler27:
   140 00000148 55                              	PUSH	EBP
   141 00000149 89 E5                           	MOV	EBP,ESP
   142 0000014B 6A 67                           	PUSH	103
   143 0000014D 6A 20                           	PUSH	32
   144 0000014F E8 [00000000]                   	CALL	_io_out8
   145 00000154 C9                              	LEAVE
   146 00000155 C3                              	RET
   147                                          [SECTION .data]
   148 00000000                                 	ALIGNB	16
   149 00000000                                 _gkeyboard:
   150 00000000 00 00 00 00 00 00 00 00 00 00   	RESB	48
       0000000A 00 00 00 00 00 00 00 00 00 00 
       00000014 00 00 00 00 00 00 00 00 00 00 
       0000001E 00 00 00 00 00 00 00 00 00 00 
       00000028 00 00 00 00 00 00 00 00 
   151                                          [SECTION .data]
   152 00000030                                 	ALIGNB	16
   153 00000030                                 _gmouse:
   154 00000030 00 00 00 00 00 00 00 00 00 00   	RESB	48
       0000003A 00 00 00 00 00 00 00 00 00 00 
       00000044 00 00 00 00 00 00 00 00 00 00 
       0000004E 00 00 00 00 00 00 00 00 00 00 
       00000058 00 00 00 00 00 00 00 00 
