     1 00000000                                 ; hello-os
     2 00000000                                 ; TAB=4
     3  = 0000000A                              CYLS	EQU		10				; どこまで読み込むか
     4 00000000                                 
     5                                          		ORG		0x7c00			; このプログラムがどこに読み込まれるのか
     6 00007C00                                 
     7 00007C00                                 ; 以下は標準的なFAT12フォーマットフロッピーディスクのための記述
     8 00007C00                                 
     9 00007C00 EB 4E                           		JMP		entry
    10 00007C02 90                              		DB		0x90
    11 00007C03 48 41 52 49 42 4F 54 45         		DB		"HARIBOTE"		; ブートセクタの名前を自由に書いてよい（8バイト）
    12 00007C0B 0200                            		DW		512				; 1セクタの大きさ（512にしなければいけない）
    13 00007C0D 01                              		DB		1				; クラスタの大きさ（1セクタにしなければいけない）
    14 00007C0E 0001                            		DW		1				; FATがどこから始まるか（普通は1セクタ目からにする）
    15 00007C10 02                              		DB		2				; FATの個数（2にしなければいけない）
    16 00007C11 00E0                            		DW		224				; ルートディレクトリ領域の大きさ（普通は224エントリにする）
    17 00007C13 0B40                            		DW		2880			; このドライブの大きさ（2880セクタにしなければいけない）
    18 00007C15 F0                              		DB		0xf0			; メディアのタイプ（0xf0にしなければいけない）
    19 00007C16 0009                            		DW		9				; FAT領域の長さ（9セクタにしなければいけない）
    20 00007C18 0012                            		DW		18				; 1トラックにいくつのセクタがあるか（18にしなければいけない）
    21 00007C1A 0002                            		DW		2				; ヘッドの数（2にしなければいけない）
    22 00007C1C 00000000                        		DD		0				; パーティションを使ってないのでここは必ず0
    23 00007C20 00000B40                        		DD		2880			; このドライブ大きさをもう一度書く
    24 00007C24 00 00 29                        		DB		0,0,0x29		; よくわからないけどこの値にしておくといいらしい
    25 00007C27 FFFFFFFF                        		DD		0xffffffff		; たぶんボリュームシリアル番号
    26 00007C2B 48 41 52 49 42 4F 54 45 4F 53   		DB		"HARIBOTEOS "	; ディスクの名前（11バイト）
       00007C35 20 
    27 00007C36 46 41 54 31 32 20 20 20         		DB		"FAT12   "		; フォーマットの名前（8バイト）
    28 00007C3E 00 00 00 00 00 00 00 00 00 00   		RESB	18				; とりあえず18バイトあけておく
       00007C48 00 00 00 00 00 00 00 00 
    29 00007C50                                 
    30 00007C50                                 ; プログラム本体
    31 00007C50                                 
    32 00007C50                                 entry:
    33 00007C50 B8 0000                         		MOV		AX,0			; レジスタ初期化
    34 00007C53 8E D0                           		MOV		SS,AX
    35 00007C55 BC 7C00                         		MOV		SP,0x7c00
    36 00007C58 8E D8                           		MOV		DS,AX
    37 00007C5A                                 
    38 00007C5A                                 ; ディスクを読む
    39 00007C5A B8 0820                         		MOV		AX,0x0820
    40 00007C5D 8E C0                           		MOV		ES,AX
    41 00007C5F B5 00                           		MOV		CH,0			; シリンダ0
    42 00007C61 B6 00                           		MOV		DH,0			; ヘッド0
    43 00007C63 B1 02                           		MOV		CL,2			; セクタ2 本プログラム自体がセクタ1に所属する。その為、次のセクタから読み取る
    44 00007C65                                 readloop:
    45 00007C65 B4 02                           		MOV		AH,0x02
    46 00007C67 B0 01                           		MOV		AL,1
    47 00007C69 BB 0000                         		MOV		BX,0
    48 00007C6C B2 00                           		MOV		DL,0x00			; Aドライブ
    49 00007C6E CD 13                           		INT		0x13
    50 00007C70 73 00                           		JNC		next
    51 00007C72                                 next:
    52 00007C72 8C C0                           		MOV		AX,ES
    53 00007C74 05 0020                         		ADD		AX,0x0020		; 512バイト先に読み込むように設定
    54 00007C77 8E C0                           		MOV		ES,AX
    55 00007C79 80 C1 01                        		ADD		CL,1			; セクタを1つ進める。フロッピーであれば1セクタは512バイト
    56 00007C7C 80 F9 12                        		CMP		CL,18			; 1つのシリンダに18セクタ存在する。
    57 00007C7F 76 E4                           		JBE		readloop
    58 00007C81 B1 01                           		MOV		CL, 1
    59 00007C83 80 C6 01                        		ADD		DH, 1			; 裏のディスクを読み取っていく
    60 00007C86 80 FE 02                        		CMP		DH, 2			; 上下ヘッドが2つなので
    61 00007C89 72 DA                           		JB		readloop
    62 00007C8B B6 00                           		MOV		DH, 0			; 表に切り替え
    63 00007C8D 80 C5 01                        		ADD		CH, 1			; 読み込むシリンダを進める
    64 00007C90 80 FD 0A                        		CMP		CH, CYLS
    65 00007C93 72 D0                           		JB		readloop		; CYLSの定義値よりシリンダ数が少ない場合
    66 00007C95                                 
    67 00007C95                                 ; 読み終わったのでharibote.sysを実行だ！
    68 00007C95                                 
    69 00007C95 88 2E 0FF0                      		MOV		[0x0ff0],CH		; IPLがどこまで読んだのかをメモ
    70 00007C99 E9 4564                         		JMP		0xc200			; SYSTEMが読み込まれる箇所 ブートセクタは0x8000地点でSYSはその0x4200後ろ
    71 00007C9C                                 
    72 00007C9C                                 
    73 00007C9C 00 00 00 00 00 00 00 00 00 00   		RESB	0x7dfe-$		; 0x7dfeまでを0x00で埋める命令
       00007CA6 00 00 00 00 00 00 00 00 00 00 
       00007CB0 00 00 00 00 00 00 00 00 00 00 
       00007CBA 00 00 00 00 00 00 00 00 00 00 
       00007CC4 00 00 00 00 00 00 00 00 00 00 
       00007CCE 00 00 00 00 00 00 00 00 00 00 
       00007CD8 00 00 00 00 00 00 00 00 00 00 
       00007CE2 00 00 00 00 00 00 00 00 00 00 
       00007CEC 00 00 00 00 00 00 00 00 00 00 
       00007CF6 00 00 00 00 00 00 00 00 00 00 
       00007D00 00 00 00 00 00 00 00 00 00 00 
       00007D0A 00 00 00 00 00 00 00 00 00 00 
       00007D14 00 00 00 00 00 00 00 00 00 00 
       00007D1E 00 00 00 00 00 00 00 00 00 00 
       00007D28 00 00 00 00 00 00 00 00 00 00 
       00007D32 00 00 00 00 00 00 00 00 00 00 
       00007D3C 00 00 00 00 00 00 00 00 00 00 
       00007D46 00 00 00 00 00 00 00 00 00 00 
       00007D50 00 00 00 00 00 00 00 00 00 00 
       00007D5A 00 00 00 00 00 00 00 00 00 00 
       00007D64 00 00 00 00 00 00 00 00 00 00 
       00007D6E 00 00 00 00 00 00 00 00 00 00 
       00007D78 00 00 00 00 00 00 00 00 00 00 
       00007D82 00 00 00 00 00 00 00 00 00 00 
       00007D8C 00 00 00 00 00 00 00 00 00 00 
       00007D96 00 00 00 00 00 00 00 00 00 00 
       00007DA0 00 00 00 00 00 00 00 00 00 00 
       00007DAA 00 00 00 00 00 00 00 00 00 00 
       00007DB4 00 00 00 00 00 00 00 00 00 00 
       00007DBE 00 00 00 00 00 00 00 00 00 00 
       00007DC8 00 00 00 00 00 00 00 00 00 00 
       00007DD2 00 00 00 00 00 00 00 00 00 00 
       00007DDC 00 00 00 00 00 00 00 00 00 00 
       00007DE6 00 00 00 00 00 00 00 00 00 00 
       00007DF0 00 00 00 00 00 00 00 00 00 00 
       00007DFA 00 00 00 00 
    74 00007DFE                                 		
    75 00007DFE 55 AA                           		DB		0x55, 0xaa
