     1 00000000                                 [FORMAT "WCOFF"]
     2 00000000                                 [INSTRSET "i486p"]
     3 00000000                                 [OPTIMIZE 1]
     4 00000000                                 [OPTION 1]
     5 00000000                                 [BITS 32]
     6 00000000                                 	EXTERN	_io_in8
     7 00000000                                 	EXTERN	_io_out8
     8 00000000                                 	EXTERN	_fifo32_put
     9 00000000                                 [FILE "keybord.c"]
    10                                          [SECTION .text]
    11 00000000                                 	GLOBAL	_wait_KBC_sendready
    12 00000000                                 _wait_KBC_sendready:
    13 00000000 55                              	PUSH	EBP
    14 00000001 89 E5                           	MOV	EBP,ESP
    15 00000003                                 L6:
    16 00000003 6A 64                           	PUSH	100
    17 00000005 E8 [00000000]                   	CALL	_io_in8
    18 0000000A 5A                              	POP	EDX
    19 0000000B 83 E0 02                        	AND	EAX,2
    20 0000000E 75 F3                           	JNE	L6
    21 00000010 C9                              	LEAVE
    22 00000011 C3                              	RET
    23 00000012                                 	GLOBAL	_init_keyboard
    24 00000012                                 _init_keyboard:
    25 00000012 55                              	PUSH	EBP
    26 00000013 89 E5                           	MOV	EBP,ESP
    27 00000015 8B 45 08                        	MOV	EAX,DWORD [8+EBP]
    28 00000018 A3 [00000000]                   	MOV	DWORD [_keyfifo],EAX
    29 0000001D 8B 45 0C                        	MOV	EAX,DWORD [12+EBP]
    30 00000020 A3 [00000004]                   	MOV	DWORD [_keydata0],EAX
    31 00000025 E8 FFFFFFD6                     	CALL	_wait_KBC_sendready
    32 0000002A 6A 60                           	PUSH	96
    33 0000002C 6A 64                           	PUSH	100
    34 0000002E E8 [00000000]                   	CALL	_io_out8
    35 00000033 E8 FFFFFFC8                     	CALL	_wait_KBC_sendready
    36 00000038 59                              	POP	ECX
    37 00000039 58                              	POP	EAX
    38 0000003A C7 45 0C 00000047               	MOV	DWORD [12+EBP],71
    39 00000041 C7 45 08 00000060               	MOV	DWORD [8+EBP],96
    40 00000048 C9                              	LEAVE
    41 00000049 E9 [00000000]                   	JMP	_io_out8
    42 0000004E                                 	GLOBAL	_inthandler21
    43 0000004E                                 _inthandler21:
    44 0000004E 55                              	PUSH	EBP
    45 0000004F 89 E5                           	MOV	EBP,ESP
    46 00000051 53                              	PUSH	EBX
    47 00000052 6A 60                           	PUSH	96
    48 00000054 E8 [00000000]                   	CALL	_io_in8
    49 00000059 6A 61                           	PUSH	97
    50 0000005B 88 C3                           	MOV	BL,AL
    51 0000005D 6A 20                           	PUSH	32
    52 0000005F 0F B6 DB                        	MOVZX	EBX,BL
    53 00000062 E8 [00000000]                   	CALL	_io_out8
    54 00000067 03 1D [00000004]                	ADD	EBX,DWORD [_keydata0]
    55 0000006D 53                              	PUSH	EBX
    56 0000006E FF 35 [00000000]                	PUSH	DWORD [_keyfifo]
    57 00000074 E8 [00000000]                   	CALL	_fifo32_put
    58 00000079 8B 5D FC                        	MOV	EBX,DWORD [-4+EBP]
    59 0000007C C9                              	LEAVE
    60 0000007D C3                              	RET
    61 0000007E                                 	GLOBAL	_keyfifo
    62                                          [SECTION .data]
    63 00000000                                 	ALIGNB	4
    64 00000000                                 _keyfifo:
    65 00000000 00 00 00 00                     	RESB	4
    66 00000004                                 	GLOBAL	_keydata0
    67                                          [SECTION .data]
    68 00000004                                 	ALIGNB	4
    69 00000004                                 _keydata0:
    70 00000004 00 00 00 00                     	RESB	4
